This file contains any messages produced by compilers while
running configure, to aid debugging if configure makes a mistake.

It was created by libffi configure 3.3, which was
generated by GNU Autoconf 2.69.  Invocation command line was

  $ .././configure --srcdir=.. --enable-builddir=x86_64-apple-darwin20.2.0 --prefix=/opt/local --host=x86_64-apple-darwin20.2.0 host_alias=x86_64-apple-darwin20.2.0 CPPFLAGS=-I/opt/local/include -isysroot/Library/Developer/CommandLineTools/SDKs/MacOSX11.1.sdk

## --------- ##
## Platform. ##
## --------- ##

hostname = macbookair.local
uname -m = arm64
uname -r = 20.2.0
uname -s = Darwin
uname -v = Darwin Kernel Version 20.2.0: Wed Dec  2 20:40:21 PST 2020; root:xnu-7195.60.75~1/RELEASE_ARM64_T8101

/usr/bin/uname -p = arm
/bin/uname -X     = unknown

/bin/arch              = unknown
/usr/bin/arch -k       = unknown
/usr/convex/getsysinfo = unknown
/usr/bin/hostinfo      = Mach kernel version:
	 Darwin Kernel Version 20.2.0: Wed Dec  2 20:40:21 PST 2020; root:xnu-7195.60.75~1/RELEASE_ARM64_T8101
Kernel configured for up to 8 processors.
8 processors are physically available.
8 processors are logically available.
Processor type: arm64e (ARM64E)
Processors active: 0 1 2 3 4 5 6 7
Primary memory available: 16.00 gigabytes
Default processor set: 450 tasks, 1821 threads, 8 processors
Load average: 3.25, Mach factor: 4.74
/bin/machine           = unknown
/usr/bin/oslevel       = unknown
/bin/universe          = unknown

PATH: /opt/local/bin
PATH: /opt/local/sbin
PATH: /bin
PATH: /sbin
PATH: /usr/bin
PATH: /usr/sbin


## ----------- ##
## Core tests. ##
## ----------- ##

configure:2692: checking build system type
configure:2706: result: aarch64-apple-darwin20.2.0
configure:2726: checking host system type
configure:2739: result: x86_64-apple-darwin20.2.0
configure:2759: checking target system type
configure:2772: result: x86_64-apple-darwin20.2.0
configure:2869: checking for gsed
configure:2887: found /opt/local/bin/gsed
configure:2900: result: /opt/local/bin/gsed
configure:2928: checking for a BSD-compatible install
configure:2996: result: /usr/bin/install -c
configure:3007: checking whether build environment is sane
configure:3062: result: yes
configure:3113: checking for x86_64-apple-darwin20.2.0-strip
configure:3143: result: no
configure:3153: checking for strip
configure:3169: found /usr/bin/strip
configure:3180: result: strip
configure:3205: checking for a thread-safe mkdir -p
configure:3244: result: /opt/local/bin/gmkdir -p
configure:3251: checking for gawk
configure:3267: found /opt/local/bin/gawk
configure:3278: result: gawk
configure:3289: checking whether make sets $(MAKE)
configure:3311: result: yes
configure:3340: checking whether make supports nested variables
configure:3357: result: yes
configure:3502: checking for x86_64-apple-darwin20.2.0-gcc
configure:3529: result: /usr/bin/clang
configure:3798: checking for C compiler version
configure:3807: /usr/bin/clang --version >&5
Apple clang version 12.0.0 (clang-1200.0.32.28)
Target: arm64-apple-darwin20.2.0
Thread model: posix
InstalledDir: /Library/Developer/CommandLineTools/usr/bin
configure:3818: $? = 0
configure:3807: /usr/bin/clang -v >&5
Apple clang version 12.0.0 (clang-1200.0.32.28)
Target: arm64-apple-darwin20.2.0
Thread model: posix
InstalledDir: /Library/Developer/CommandLineTools/usr/bin
configure:3818: $? = 0
configure:3807: /usr/bin/clang -V >&5
clang: error: argument to '-V' is missing (expected 1 value)
clang: error: no input files
configure:3818: $? = 1
configure:3807: /usr/bin/clang -qversion >&5
clang: error: unknown argument '-qversion'; did you mean '--version'?
clang: error: no input files
configure:3818: $? = 1
configure:3838: checking whether the C compiler works
configure:3860: /usr/bin/clang -pipe -Os -integrated-as -arch x86_64 -isysroot/Library/Developer/CommandLineTools/SDKs/MacOSX11.1.sdk -I/opt/local/include -isysroot/Library/Developer/CommandLineTools/SDKs/MacOSX11.1.sdk -L/opt/local/lib -Wl,-headerpad_max_install_names -arch x86_64 -Wl,-syslibroot,/Library/Developer/CommandLineTools/SDKs/MacOSX11.1.sdk conftest.c  >&5
configure:3864: $? = 0
configure:3912: result: yes
configure:3915: checking for C compiler default output file name
configure:3917: result: a.out
configure:3923: checking for suffix of executables
configure:3930: /usr/bin/clang -o conftest -pipe -Os -integrated-as -arch x86_64 -isysroot/Library/Developer/CommandLineTools/SDKs/MacOSX11.1.sdk -I/opt/local/include -isysroot/Library/Developer/CommandLineTools/SDKs/MacOSX11.1.sdk -L/opt/local/lib -Wl,-headerpad_max_install_names -arch x86_64 -Wl,-syslibroot,/Library/Developer/CommandLineTools/SDKs/MacOSX11.1.sdk conftest.c  >&5
configure:3934: $? = 0
configure:3956: result: 
configure:3978: checking whether we are cross compiling
configure:3986: /usr/bin/clang -o conftest -pipe -Os -integrated-as -arch x86_64 -isysroot/Library/Developer/CommandLineTools/SDKs/MacOSX11.1.sdk -I/opt/local/include -isysroot/Library/Developer/CommandLineTools/SDKs/MacOSX11.1.sdk -L/opt/local/lib -Wl,-headerpad_max_install_names -arch x86_64 -Wl,-syslibroot,/Library/Developer/CommandLineTools/SDKs/MacOSX11.1.sdk conftest.c  >&5
configure:3990: $? = 0
configure:3997: ./conftest
configure:4001: $? = 0
configure:4016: result: no
configure:4021: checking for suffix of object files
configure:4043: /usr/bin/clang -c -pipe -Os -integrated-as -arch x86_64 -isysroot/Library/Developer/CommandLineTools/SDKs/MacOSX11.1.sdk -I/opt/local/include -isysroot/Library/Developer/CommandLineTools/SDKs/MacOSX11.1.sdk conftest.c >&5
configure:4047: $? = 0
configure:4068: result: o
configure:4072: checking whether we are using the GNU C compiler
configure:4091: /usr/bin/clang -c -pipe -Os -integrated-as -arch x86_64 -isysroot/Library/Developer/CommandLineTools/SDKs/MacOSX11.1.sdk -I/opt/local/include -isysroot/Library/Developer/CommandLineTools/SDKs/MacOSX11.1.sdk conftest.c >&5
configure:4091: $? = 0
configure:4100: result: yes
configure:4109: checking whether /usr/bin/clang accepts -g
configure:4129: /usr/bin/clang -c -g -I/opt/local/include -isysroot/Library/Developer/CommandLineTools/SDKs/MacOSX11.1.sdk conftest.c >&5
configure:4129: $? = 0
configure:4170: result: yes
configure:4187: checking for /usr/bin/clang option to accept ISO C89
configure:4250: /usr/bin/clang  -c -pipe -Os -integrated-as -arch x86_64 -isysroot/Library/Developer/CommandLineTools/SDKs/MacOSX11.1.sdk -I/opt/local/include -isysroot/Library/Developer/CommandLineTools/SDKs/MacOSX11.1.sdk conftest.c >&5
configure:4250: $? = 0
configure:4263: result: none needed
configure:4288: checking whether /usr/bin/clang understands -c and -o together
configure:4310: /usr/bin/clang -c conftest.c -o conftest2.o
configure:4313: $? = 0
configure:4310: /usr/bin/clang -c conftest.c -o conftest2.o
configure:4313: $? = 0
configure:4325: result: yes
configure:4345: checking whether make supports the include directive
configure:4360: make -f confmf.GNU && cat confinc.out
this is the am__doit target
configure:4363: $? = 0
configure:4382: result: yes (GNU style)
configure:4407: checking dependency style of /usr/bin/clang
configure:4518: result: gcc3
configure:4645: checking for C++ compiler version
configure:4654: /usr/bin/clang++ --version >&5
Apple clang version 12.0.0 (clang-1200.0.32.28)
Target: arm64-apple-darwin20.2.0
Thread model: posix
InstalledDir: /Library/Developer/CommandLineTools/usr/bin
configure:4665: $? = 0
configure:4654: /usr/bin/clang++ -v >&5
Apple clang version 12.0.0 (clang-1200.0.32.28)
Target: arm64-apple-darwin20.2.0
Thread model: posix
InstalledDir: /Library/Developer/CommandLineTools/usr/bin
configure:4665: $? = 0
configure:4654: /usr/bin/clang++ -V >&5
clang: error: argument to '-V' is missing (expected 1 value)
clang: error: no input files
configure:4665: $? = 1
configure:4654: /usr/bin/clang++ -qversion >&5
clang: error: unknown argument '-qversion'; did you mean '--version'?
clang: error: no input files
configure:4665: $? = 1
configure:4669: checking whether we are using the GNU C++ compiler
configure:4688: /usr/bin/clang++ -c -pipe -Os -arch x86_64 -stdlib=libc++ -isysroot/Library/Developer/CommandLineTools/SDKs/MacOSX11.1.sdk -I/opt/local/include -isysroot/Library/Developer/CommandLineTools/SDKs/MacOSX11.1.sdk conftest.cpp >&5
configure:4688: $? = 0
configure:4697: result: yes
configure:4706: checking whether /usr/bin/clang++ accepts -g
configure:4726: /usr/bin/clang++ -c -g -I/opt/local/include -isysroot/Library/Developer/CommandLineTools/SDKs/MacOSX11.1.sdk conftest.cpp >&5
configure:4726: $? = 0
configure:4767: result: yes
configure:4792: checking dependency style of /usr/bin/clang++
configure:4903: result: gcc3
configure:4933: checking dependency style of /usr/bin/clang
configure:5042: result: gcc3
configure:5104: checking how to print strings
configure:5131: result: printf
configure:5152: checking for a sed that does not truncate output
configure:5216: result: /opt/local/bin/gsed
configure:5234: checking for grep that handles long lines and -e
configure:5292: result: /usr/bin/grep
configure:5297: checking for egrep
configure:5359: result: /usr/bin/grep -E
configure:5364: checking for fgrep
configure:5426: result: /usr/bin/grep -F
configure:5461: checking for ld used by /usr/bin/clang
configure:5528: result: /Library/Developer/CommandLineTools/usr/bin/ld
configure:5535: checking if the linker (/Library/Developer/CommandLineTools/usr/bin/ld) is GNU ld
configure:5550: result: no
configure:5562: checking for BSD- or MS-compatible name lister (nm)
configure:5616: result: no
configure:5630: checking for x86_64-apple-darwin20.2.0-dumpbin
configure:5660: result: no
configure:5630: checking for x86_64-apple-darwin20.2.0-link
configure:5660: result: no
configure:5674: checking for dumpbin
configure:5704: result: no
configure:5674: checking for link
configure:5690: found /bin/link
configure:5701: result: link -dump
configure:5746: checking the name lister (nm) interface
configure:5753: /usr/bin/clang -c -pipe -Os -integrated-as -arch x86_64 -isysroot/Library/Developer/CommandLineTools/SDKs/MacOSX11.1.sdk -I/opt/local/include -isysroot/Library/Developer/CommandLineTools/SDKs/MacOSX11.1.sdk conftest.c >&5
configure:5756: nm "conftest.o"
configure:5759: output
0000000000000000 S _some_variable
configure:5766: result: BSD nm
configure:5769: checking whether ln -s works
configure:5773: result: yes
configure:5781: checking the maximum length of command line arguments
configure:5912: result: 786432
configure:5960: checking how to convert aarch64-apple-darwin20.2.0 file names to x86_64-apple-darwin20.2.0 format
configure:6000: result: func_convert_file_noop
configure:6007: checking how to convert aarch64-apple-darwin20.2.0 file names to toolchain format
configure:6027: result: func_convert_file_noop
configure:6034: checking for /Library/Developer/CommandLineTools/usr/bin/ld option to reload object files
configure:6041: result: -r
configure:6075: checking for x86_64-apple-darwin20.2.0-objdump
configure:6105: result: no
configure:6115: checking for objdump
configure:6131: found /usr/bin/objdump
configure:6142: result: objdump
configure:6174: checking how to recognize dependent libraries
configure:6374: result: pass_all
configure:6419: checking for x86_64-apple-darwin20.2.0-dlltool
configure:6449: result: no
configure:6459: checking for dlltool
configure:6489: result: no
configure:6519: checking how to associate runtime and link libraries
configure:6546: result: printf %s\n
configure:6563: checking for x86_64-apple-darwin20.2.0-ar
configure:6593: result: no
configure:6607: checking for ar
configure:6623: found /usr/bin/ar
configure:6634: result: ar
configure:6671: checking for archiver @FILE support
configure:6688: /usr/bin/clang -c -pipe -Os -integrated-as -arch x86_64 -isysroot/Library/Developer/CommandLineTools/SDKs/MacOSX11.1.sdk -I/opt/local/include -isysroot/Library/Developer/CommandLineTools/SDKs/MacOSX11.1.sdk conftest.c >&5
configure:6688: $? = 0
configure:6691: ar cru libconftest.a @conftest.lst >&5
ar: @conftest.lst: No such file or directory
configure:6694: $? = 1
configure:6714: result: no
configure:6732: checking for x86_64-apple-darwin20.2.0-strip
configure:6759: result: strip
configure:6831: checking for x86_64-apple-darwin20.2.0-ranlib
configure:6861: result: no
configure:6871: checking for ranlib
configure:6887: found /usr/bin/ranlib
configure:6898: result: ranlib
configure:7000: checking command to parse nm output from /usr/bin/clang object
configure:7153: /usr/bin/clang -c -pipe -Os -integrated-as -arch x86_64 -isysroot/Library/Developer/CommandLineTools/SDKs/MacOSX11.1.sdk -I/opt/local/include -isysroot/Library/Developer/CommandLineTools/SDKs/MacOSX11.1.sdk conftest.c >&5
configure:7156: $? = 0
configure:7160: nm conftest.o \| sed -n -e 's/^.*[ ]\([BCDEGRST][BCDEGRST]*\)[ ][ ]*\([_A-Za-z][_A-Za-z0-9]*\)$/\1 \2 \2/p' | sed '/ __gnu_lto/d' \> conftest.nm
configure:7163: $? = 0
cannot find nm_test_var in conftest.nm
configure:7153: /usr/bin/clang -c -pipe -Os -integrated-as -arch x86_64 -isysroot/Library/Developer/CommandLineTools/SDKs/MacOSX11.1.sdk -I/opt/local/include -isysroot/Library/Developer/CommandLineTools/SDKs/MacOSX11.1.sdk conftest.c >&5
configure:7156: $? = 0
configure:7160: nm conftest.o \| sed -n -e 's/^.*[ ]\([BCDEGRST][BCDEGRST]*\)[ ][ ]*_\([_A-Za-z][_A-Za-z0-9]*\)$/\1 _\2 \2/p' | sed '/ __gnu_lto/d' \> conftest.nm
configure:7163: $? = 0
configure:7229: /usr/bin/clang -o conftest -pipe -Os -integrated-as -arch x86_64 -isysroot/Library/Developer/CommandLineTools/SDKs/MacOSX11.1.sdk -I/opt/local/include -isysroot/Library/Developer/CommandLineTools/SDKs/MacOSX11.1.sdk -L/opt/local/lib -Wl,-headerpad_max_install_names -arch x86_64 -Wl,-syslibroot,/Library/Developer/CommandLineTools/SDKs/MacOSX11.1.sdk conftest.c conftstm.o >&5
configure:7232: $? = 0
configure:7270: result: ok
configure:7317: checking for sysroot
configure:7347: result: no
configure:7354: checking for a working dd
configure:7392: result: /bin/dd
configure:7396: checking how to truncate binary pipes
configure:7411: result: /bin/dd bs=4096 count=1
configure:7700: checking for x86_64-apple-darwin20.2.0-mt
configure:7730: result: no
configure:7740: checking for mt
configure:7770: result: no
configure:7790: checking if : is a manifest tool
configure:7796: : '-?'
configure:7804: result: no
configure:7820: checking for x86_64-apple-darwin20.2.0-dsymutil
configure:7850: result: no
configure:7860: checking for dsymutil
configure:7876: found /usr/bin/dsymutil
configure:7887: result: dsymutil
configure:7912: checking for x86_64-apple-darwin20.2.0-nmedit
configure:7942: result: no
configure:7952: checking for nmedit
configure:7968: found /usr/bin/nmedit
configure:7979: result: nmedit
configure:8004: checking for x86_64-apple-darwin20.2.0-lipo
configure:8034: result: no
configure:8044: checking for lipo
configure:8060: found /usr/bin/lipo
configure:8071: result: lipo
configure:8096: checking for x86_64-apple-darwin20.2.0-otool
configure:8126: result: no
configure:8136: checking for otool
configure:8152: found /usr/bin/otool
configure:8163: result: otool
configure:8188: checking for x86_64-apple-darwin20.2.0-otool64
configure:8218: result: no
configure:8228: checking for otool64
configure:8258: result: no
configure:8303: checking for -single_module linker flag
/usr/bin/clang -pipe -Os -integrated-as -arch x86_64 -isysroot/Library/Developer/CommandLineTools/SDKs/MacOSX11.1.sdk -L/opt/local/lib -Wl,-headerpad_max_install_names -arch x86_64 -Wl,-syslibroot,/Library/Developer/CommandLineTools/SDKs/MacOSX11.1.sdk -o libconftest.dylib -dynamiclib -Wl,-single_module conftest.c
configure:8336: result: yes
configure:8339: checking for -exported_symbols_list linker flag
configure:8359: /usr/bin/clang -o conftest -pipe -Os -integrated-as -arch x86_64 -isysroot/Library/Developer/CommandLineTools/SDKs/MacOSX11.1.sdk -I/opt/local/include -isysroot/Library/Developer/CommandLineTools/SDKs/MacOSX11.1.sdk -L/opt/local/lib -Wl,-headerpad_max_install_names -arch x86_64 -Wl,-syslibroot,/Library/Developer/CommandLineTools/SDKs/MacOSX11.1.sdk -Wl,-exported_symbols_list,conftest.sym conftest.c  >&5
configure:8359: $? = 0
configure:8369: result: yes
configure:8372: checking for -force_load linker flag
/usr/bin/clang -pipe -Os -integrated-as -arch x86_64 -isysroot/Library/Developer/CommandLineTools/SDKs/MacOSX11.1.sdk -c -o conftest.o conftest.c
ar cru libconftest.a conftest.o
ranlib libconftest.a
/usr/bin/clang -pipe -Os -integrated-as -arch x86_64 -isysroot/Library/Developer/CommandLineTools/SDKs/MacOSX11.1.sdk -L/opt/local/lib -Wl,-headerpad_max_install_names -arch x86_64 -Wl,-syslibroot,/Library/Developer/CommandLineTools/SDKs/MacOSX11.1.sdk -o conftest conftest.c -Wl,-force_load,./libconftest.a
configure:8404: result: yes
configure:8476: checking how to run the C preprocessor
configure:8507: /usr/bin/clang -E -I/opt/local/include -isysroot/Library/Developer/CommandLineTools/SDKs/MacOSX11.1.sdk conftest.c
configure:8507: $? = 0
configure:8521: /usr/bin/clang -E -I/opt/local/include -isysroot/Library/Developer/CommandLineTools/SDKs/MacOSX11.1.sdk conftest.c
conftest.c:11:10: fatal error: 'ac_nonexistent.h' file not found
#include <ac_nonexistent.h>
         ^~~~~~~~~~~~~~~~~~
1 error generated.
configure:8521: $? = 1
configure: failed program was:
| /* confdefs.h */
| #define PACKAGE_NAME "libffi"
| #define PACKAGE_TARNAME "libffi"
| #define PACKAGE_VERSION "3.3"
| #define PACKAGE_STRING "libffi 3.3"
| #define PACKAGE_BUGREPORT "http://github.com/libffi/libffi/issues"
| #define PACKAGE_URL ""
| #define PACKAGE "libffi"
| #define VERSION "3.3"
| /* end confdefs.h.  */
| #include <ac_nonexistent.h>
configure:8546: result: /usr/bin/clang -E
configure:8566: /usr/bin/clang -E -I/opt/local/include -isysroot/Library/Developer/CommandLineTools/SDKs/MacOSX11.1.sdk conftest.c
configure:8566: $? = 0
configure:8580: /usr/bin/clang -E -I/opt/local/include -isysroot/Library/Developer/CommandLineTools/SDKs/MacOSX11.1.sdk conftest.c
conftest.c:11:10: fatal error: 'ac_nonexistent.h' file not found
#include <ac_nonexistent.h>
         ^~~~~~~~~~~~~~~~~~
1 error generated.
configure:8580: $? = 1
configure: failed program was:
| /* confdefs.h */
| #define PACKAGE_NAME "libffi"
| #define PACKAGE_TARNAME "libffi"
| #define PACKAGE_VERSION "3.3"
| #define PACKAGE_STRING "libffi 3.3"
| #define PACKAGE_BUGREPORT "http://github.com/libffi/libffi/issues"
| #define PACKAGE_URL ""
| #define PACKAGE "libffi"
| #define VERSION "3.3"
| /* end confdefs.h.  */
| #include <ac_nonexistent.h>
configure:8609: checking for ANSI C header files
configure:8629: /usr/bin/clang -c -pipe -Os -integrated-as -arch x86_64 -isysroot/Library/Developer/CommandLineTools/SDKs/MacOSX11.1.sdk -I/opt/local/include -isysroot/Library/Developer/CommandLineTools/SDKs/MacOSX11.1.sdk conftest.c >&5
configure:8629: $? = 0
configure:8702: /usr/bin/clang -o conftest -pipe -Os -integrated-as -arch x86_64 -isysroot/Library/Developer/CommandLineTools/SDKs/MacOSX11.1.sdk -I/opt/local/include -isysroot/Library/Developer/CommandLineTools/SDKs/MacOSX11.1.sdk -L/opt/local/lib -Wl,-headerpad_max_install_names -arch x86_64 -Wl,-syslibroot,/Library/Developer/CommandLineTools/SDKs/MacOSX11.1.sdk conftest.c  >&5
configure:8702: $? = 0
configure:8702: ./conftest
configure:8702: $? = 0
configure:8713: result: yes
configure:8726: checking for sys/types.h
configure:8726: /usr/bin/clang -c -pipe -Os -integrated-as -arch x86_64 -isysroot/Library/Developer/CommandLineTools/SDKs/MacOSX11.1.sdk -I/opt/local/include -isysroot/Library/Developer/CommandLineTools/SDKs/MacOSX11.1.sdk conftest.c >&5
configure:8726: $? = 0
configure:8726: result: yes
configure:8726: checking for sys/stat.h
configure:8726: /usr/bin/clang -c -pipe -Os -integrated-as -arch x86_64 -isysroot/Library/Developer/CommandLineTools/SDKs/MacOSX11.1.sdk -I/opt/local/include -isysroot/Library/Developer/CommandLineTools/SDKs/MacOSX11.1.sdk conftest.c >&5
configure:8726: $? = 0
configure:8726: result: yes
configure:8726: checking for stdlib.h
configure:8726: /usr/bin/clang -c -pipe -Os -integrated-as -arch x86_64 -isysroot/Library/Developer/CommandLineTools/SDKs/MacOSX11.1.sdk -I/opt/local/include -isysroot/Library/Developer/CommandLineTools/SDKs/MacOSX11.1.sdk conftest.c >&5
configure:8726: $? = 0
configure:8726: result: yes
configure:8726: checking for string.h
configure:8726: /usr/bin/clang -c -pipe -Os -integrated-as -arch x86_64 -isysroot/Library/Developer/CommandLineTools/SDKs/MacOSX11.1.sdk -I/opt/local/include -isysroot/Library/Developer/CommandLineTools/SDKs/MacOSX11.1.sdk conftest.c >&5
configure:8726: $? = 0
configure:8726: result: yes
configure:8726: checking for memory.h
configure:8726: /usr/bin/clang -c -pipe -Os -integrated-as -arch x86_64 -isysroot/Library/Developer/CommandLineTools/SDKs/MacOSX11.1.sdk -I/opt/local/include -isysroot/Library/Developer/CommandLineTools/SDKs/MacOSX11.1.sdk conftest.c >&5
configure:8726: $? = 0
configure:8726: result: yes
configure:8726: checking for strings.h
configure:8726: /usr/bin/clang -c -pipe -Os -integrated-as -arch x86_64 -isysroot/Library/Developer/CommandLineTools/SDKs/MacOSX11.1.sdk -I/opt/local/include -isysroot/Library/Developer/CommandLineTools/SDKs/MacOSX11.1.sdk conftest.c >&5
configure:8726: $? = 0
configure:8726: result: yes
configure:8726: checking for inttypes.h
configure:8726: /usr/bin/clang -c -pipe -Os -integrated-as -arch x86_64 -isysroot/Library/Developer/CommandLineTools/SDKs/MacOSX11.1.sdk -I/opt/local/include -isysroot/Library/Developer/CommandLineTools/SDKs/MacOSX11.1.sdk conftest.c >&5
configure:8726: $? = 0
configure:8726: result: yes
configure:8726: checking for stdint.h
configure:8726: /usr/bin/clang -c -pipe -Os -integrated-as -arch x86_64 -isysroot/Library/Developer/CommandLineTools/SDKs/MacOSX11.1.sdk -I/opt/local/include -isysroot/Library/Developer/CommandLineTools/SDKs/MacOSX11.1.sdk conftest.c >&5
configure:8726: $? = 0
configure:8726: result: yes
configure:8726: checking for unistd.h
configure:8726: /usr/bin/clang -c -pipe -Os -integrated-as -arch x86_64 -isysroot/Library/Developer/CommandLineTools/SDKs/MacOSX11.1.sdk -I/opt/local/include -isysroot/Library/Developer/CommandLineTools/SDKs/MacOSX11.1.sdk conftest.c >&5
configure:8726: $? = 0
configure:8726: result: yes
configure:8740: checking for dlfcn.h
configure:8740: /usr/bin/clang -c -pipe -Os -integrated-as -arch x86_64 -isysroot/Library/Developer/CommandLineTools/SDKs/MacOSX11.1.sdk -I/opt/local/include -isysroot/Library/Developer/CommandLineTools/SDKs/MacOSX11.1.sdk conftest.c >&5
configure:8740: $? = 0
configure:8740: result: yes
configure:9007: checking for objdir
configure:9022: result: .libs
configure:9286: checking if /usr/bin/clang supports -fno-rtti -fno-exceptions
configure:9304: /usr/bin/clang -c -pipe -Os -integrated-as -arch x86_64 -isysroot/Library/Developer/CommandLineTools/SDKs/MacOSX11.1.sdk -I/opt/local/include -isysroot/Library/Developer/CommandLineTools/SDKs/MacOSX11.1.sdk -fno-rtti -fno-exceptions conftest.c >&5
configure:9308: $? = 0
configure:9321: result: yes
configure:9679: checking for /usr/bin/clang option to produce PIC
configure:9686: result: -fno-common -DPIC
configure:9694: checking if /usr/bin/clang PIC flag -fno-common -DPIC works
configure:9712: /usr/bin/clang -c -pipe -Os -integrated-as -arch x86_64 -isysroot/Library/Developer/CommandLineTools/SDKs/MacOSX11.1.sdk -I/opt/local/include -isysroot/Library/Developer/CommandLineTools/SDKs/MacOSX11.1.sdk -fno-common -DPIC -DPIC conftest.c >&5
configure:9716: $? = 0
configure:9729: result: yes
configure:9758: checking if /usr/bin/clang static flag -static works
configure:9786: result: no
configure:9801: checking if /usr/bin/clang supports -c -o file.o
configure:9822: /usr/bin/clang -c -pipe -Os -integrated-as -arch x86_64 -isysroot/Library/Developer/CommandLineTools/SDKs/MacOSX11.1.sdk -I/opt/local/include -isysroot/Library/Developer/CommandLineTools/SDKs/MacOSX11.1.sdk -o out/conftest2.o conftest.c >&5
configure:9826: $? = 0
configure:9848: result: yes
configure:9856: checking if /usr/bin/clang supports -c -o file.o
configure:9903: result: yes
configure:9936: checking whether the /usr/bin/clang linker (/Library/Developer/CommandLineTools/usr/bin/ld) supports shared libraries
configure:11195: result: yes
configure:11435: checking dynamic linker characteristics
configure:12253: result: darwin20.2.0 dyld
configure:12375: checking how to hardcode library paths into programs
configure:12400: result: immediate
configure:12948: checking whether stripping libraries is possible
configure:12962: result: yes
configure:12988: checking if libtool supports shared libraries
configure:12990: result: yes
configure:12993: checking whether to build shared libraries
configure:13018: result: yes
configure:13021: checking whether to build static libraries
configure:13025: result: yes
configure:13048: checking how to run the C++ preprocessor
configure:13075: /usr/bin/clang++ -E -I/opt/local/include -isysroot/Library/Developer/CommandLineTools/SDKs/MacOSX11.1.sdk conftest.cpp
configure:13075: $? = 0
configure:13089: /usr/bin/clang++ -E -I/opt/local/include -isysroot/Library/Developer/CommandLineTools/SDKs/MacOSX11.1.sdk conftest.cpp
conftest.cpp:23:10: fatal error: 'ac_nonexistent.h' file not found
#include <ac_nonexistent.h>
         ^~~~~~~~~~~~~~~~~~
1 error generated.
configure:13089: $? = 1
configure: failed program was:
| /* confdefs.h */
| #define PACKAGE_NAME "libffi"
| #define PACKAGE_TARNAME "libffi"
| #define PACKAGE_VERSION "3.3"
| #define PACKAGE_STRING "libffi 3.3"
| #define PACKAGE_BUGREPORT "http://github.com/libffi/libffi/issues"
| #define PACKAGE_URL ""
| #define PACKAGE "libffi"
| #define VERSION "3.3"
| #define STDC_HEADERS 1
| #define HAVE_SYS_TYPES_H 1
| #define HAVE_SYS_STAT_H 1
| #define HAVE_STDLIB_H 1
| #define HAVE_STRING_H 1
| #define HAVE_MEMORY_H 1
| #define HAVE_STRINGS_H 1
| #define HAVE_INTTYPES_H 1
| #define HAVE_STDINT_H 1
| #define HAVE_UNISTD_H 1
| #define HAVE_DLFCN_H 1
| #define LT_OBJDIR ".libs/"
| /* end confdefs.h.  */
| #include <ac_nonexistent.h>
configure:13114: result: /usr/bin/clang++ -E
configure:13134: /usr/bin/clang++ -E -I/opt/local/include -isysroot/Library/Developer/CommandLineTools/SDKs/MacOSX11.1.sdk conftest.cpp
configure:13134: $? = 0
configure:13148: /usr/bin/clang++ -E -I/opt/local/include -isysroot/Library/Developer/CommandLineTools/SDKs/MacOSX11.1.sdk conftest.cpp
conftest.cpp:23:10: fatal error: 'ac_nonexistent.h' file not found
#include <ac_nonexistent.h>
         ^~~~~~~~~~~~~~~~~~
1 error generated.
configure:13148: $? = 1
configure: failed program was:
| /* confdefs.h */
| #define PACKAGE_NAME "libffi"
| #define PACKAGE_TARNAME "libffi"
| #define PACKAGE_VERSION "3.3"
| #define PACKAGE_STRING "libffi 3.3"
| #define PACKAGE_BUGREPORT "http://github.com/libffi/libffi/issues"
| #define PACKAGE_URL ""
| #define PACKAGE "libffi"
| #define VERSION "3.3"
| #define STDC_HEADERS 1
| #define HAVE_SYS_TYPES_H 1
| #define HAVE_SYS_STAT_H 1
| #define HAVE_STDLIB_H 1
| #define HAVE_STRING_H 1
| #define HAVE_MEMORY_H 1
| #define HAVE_STRINGS_H 1
| #define HAVE_INTTYPES_H 1
| #define HAVE_STDINT_H 1
| #define HAVE_UNISTD_H 1
| #define HAVE_DLFCN_H 1
| #define LT_OBJDIR ".libs/"
| /* end confdefs.h.  */
| #include <ac_nonexistent.h>
configure:13310: checking for ld used by /usr/bin/clang++
configure:13377: result: /Library/Developer/CommandLineTools/usr/bin/ld
configure:13384: checking if the linker (/Library/Developer/CommandLineTools/usr/bin/ld) is GNU ld
configure:13399: result: no
configure:13454: checking whether the /usr/bin/clang++ linker (/Library/Developer/CommandLineTools/usr/bin/ld) supports shared libraries
configure:14527: result: yes
configure:14563: /usr/bin/clang++ -c -pipe -Os -arch x86_64 -stdlib=libc++ -isysroot/Library/Developer/CommandLineTools/SDKs/MacOSX11.1.sdk -I/opt/local/include -isysroot/Library/Developer/CommandLineTools/SDKs/MacOSX11.1.sdk conftest.cpp >&5
configure:14566: $? = 0
configure:15047: checking for /usr/bin/clang++ option to produce PIC
configure:15054: result: -fno-common -DPIC
configure:15062: checking if /usr/bin/clang++ PIC flag -fno-common -DPIC works
configure:15080: /usr/bin/clang++ -c -pipe -Os -arch x86_64 -stdlib=libc++ -isysroot/Library/Developer/CommandLineTools/SDKs/MacOSX11.1.sdk -I/opt/local/include -isysroot/Library/Developer/CommandLineTools/SDKs/MacOSX11.1.sdk -fno-common -DPIC -DPIC conftest.cpp >&5
configure:15084: $? = 0
configure:15097: result: yes
configure:15120: checking if /usr/bin/clang++ static flag -static works
configure:15148: result: no
configure:15160: checking if /usr/bin/clang++ supports -c -o file.o
configure:15181: /usr/bin/clang++ -c -pipe -Os -arch x86_64 -stdlib=libc++ -isysroot/Library/Developer/CommandLineTools/SDKs/MacOSX11.1.sdk -I/opt/local/include -isysroot/Library/Developer/CommandLineTools/SDKs/MacOSX11.1.sdk -o out/conftest2.o conftest.cpp >&5
configure:15185: $? = 0
configure:15207: result: yes
configure:15212: checking if /usr/bin/clang++ supports -c -o file.o
configure:15259: result: yes
configure:15289: checking whether the /usr/bin/clang++ linker (/Library/Developer/CommandLineTools/usr/bin/ld) supports shared libraries
configure:15329: result: yes
configure:15470: checking dynamic linker characteristics
configure:16215: result: darwin20.2.0 dyld
configure:16280: checking how to hardcode library paths into programs
configure:16305: result: immediate
configure:16373: checking size of size_t
configure:16378: /usr/bin/clang -o conftest -pipe -Os -integrated-as -arch x86_64 -isysroot/Library/Developer/CommandLineTools/SDKs/MacOSX11.1.sdk -I/opt/local/include -isysroot/Library/Developer/CommandLineTools/SDKs/MacOSX11.1.sdk -L/opt/local/lib -Wl,-headerpad_max_install_names -arch x86_64 -Wl,-syslibroot,/Library/Developer/CommandLineTools/SDKs/MacOSX11.1.sdk conftest.c  >&5
configure:16378: $? = 0
configure:16378: ./conftest
configure:16378: $? = 0
configure:16392: result: 8
configure:16403: checking for C compiler vendor
configure:16451: /usr/bin/clang -c -pipe -Os -integrated-as -arch x86_64 -isysroot/Library/Developer/CommandLineTools/SDKs/MacOSX11.1.sdk -I/opt/local/include -isysroot/Library/Developer/CommandLineTools/SDKs/MacOSX11.1.sdk conftest.c >&5
conftest.c:30:9: error: use of undeclared identifier 'thisisanerror'
        thisisanerror;
        ^
1 error generated.
configure:16451: $? = 1
configure: failed program was:
| /* confdefs.h */
| #define PACKAGE_NAME "libffi"
| #define PACKAGE_TARNAME "libffi"
| #define PACKAGE_VERSION "3.3"
| #define PACKAGE_STRING "libffi 3.3"
| #define PACKAGE_BUGREPORT "http://github.com/libffi/libffi/issues"
| #define PACKAGE_URL ""
| #define PACKAGE "libffi"
| #define VERSION "3.3"
| #define STDC_HEADERS 1
| #define HAVE_SYS_TYPES_H 1
| #define HAVE_SYS_STAT_H 1
| #define HAVE_STDLIB_H 1
| #define HAVE_STRING_H 1
| #define HAVE_MEMORY_H 1
| #define HAVE_STRINGS_H 1
| #define HAVE_INTTYPES_H 1
| #define HAVE_STDINT_H 1
| #define HAVE_UNISTD_H 1
| #define HAVE_DLFCN_H 1
| #define LT_OBJDIR ".libs/"
| #define SIZEOF_SIZE_T 8
| /* end confdefs.h.  */
| 
| int
| main ()
| {
| 
|       #if !(defined(__ICC) || defined(__ECC) || defined(__INTEL_COMPILER))
|         thisisanerror;
|       #endif
| 
|   ;
|   return 0;
| }
configure:16451: /usr/bin/clang -c -pipe -Os -integrated-as -arch x86_64 -isysroot/Library/Developer/CommandLineTools/SDKs/MacOSX11.1.sdk -I/opt/local/include -isysroot/Library/Developer/CommandLineTools/SDKs/MacOSX11.1.sdk conftest.c >&5
conftest.c:30:9: error: use of undeclared identifier 'thisisanerror'
        thisisanerror;
        ^
1 error generated.
configure:16451: $? = 1
configure: failed program was:
| /* confdefs.h */
| #define PACKAGE_NAME "libffi"
| #define PACKAGE_TARNAME "libffi"
| #define PACKAGE_VERSION "3.3"
| #define PACKAGE_STRING "libffi 3.3"
| #define PACKAGE_BUGREPORT "http://github.com/libffi/libffi/issues"
| #define PACKAGE_URL ""
| #define PACKAGE "libffi"
| #define VERSION "3.3"
| #define STDC_HEADERS 1
| #define HAVE_SYS_TYPES_H 1
| #define HAVE_SYS_STAT_H 1
| #define HAVE_STDLIB_H 1
| #define HAVE_STRING_H 1
| #define HAVE_MEMORY_H 1
| #define HAVE_STRINGS_H 1
| #define HAVE_INTTYPES_H 1
| #define HAVE_STDINT_H 1
| #define HAVE_UNISTD_H 1
| #define HAVE_DLFCN_H 1
| #define LT_OBJDIR ".libs/"
| #define SIZEOF_SIZE_T 8
| /* end confdefs.h.  */
| 
| int
| main ()
| {
| 
|       #if !(defined(__xlc__) || defined(__xlC__) || defined(__IBMC__) || defined(__IBMCPP__))
|         thisisanerror;
|       #endif
| 
|   ;
|   return 0;
| }
configure:16451: /usr/bin/clang -c -pipe -Os -integrated-as -arch x86_64 -isysroot/Library/Developer/CommandLineTools/SDKs/MacOSX11.1.sdk -I/opt/local/include -isysroot/Library/Developer/CommandLineTools/SDKs/MacOSX11.1.sdk conftest.c >&5
conftest.c:30:9: error: use of undeclared identifier 'thisisanerror'
        thisisanerror;
        ^
1 error generated.
configure:16451: $? = 1
configure: failed program was:
| /* confdefs.h */
| #define PACKAGE_NAME "libffi"
| #define PACKAGE_TARNAME "libffi"
| #define PACKAGE_VERSION "3.3"
| #define PACKAGE_STRING "libffi 3.3"
| #define PACKAGE_BUGREPORT "http://github.com/libffi/libffi/issues"
| #define PACKAGE_URL ""
| #define PACKAGE "libffi"
| #define VERSION "3.3"
| #define STDC_HEADERS 1
| #define HAVE_SYS_TYPES_H 1
| #define HAVE_SYS_STAT_H 1
| #define HAVE_STDLIB_H 1
| #define HAVE_STRING_H 1
| #define HAVE_MEMORY_H 1
| #define HAVE_STRINGS_H 1
| #define HAVE_INTTYPES_H 1
| #define HAVE_STDINT_H 1
| #define HAVE_UNISTD_H 1
| #define HAVE_DLFCN_H 1
| #define LT_OBJDIR ".libs/"
| #define SIZEOF_SIZE_T 8
| /* end confdefs.h.  */
| 
| int
| main ()
| {
| 
|       #if !(defined(__PATHCC__) || defined(__PATHSCALE__))
|         thisisanerror;
|       #endif
| 
|   ;
|   return 0;
| }
configure:16451: /usr/bin/clang -c -pipe -Os -integrated-as -arch x86_64 -isysroot/Library/Developer/CommandLineTools/SDKs/MacOSX11.1.sdk -I/opt/local/include -isysroot/Library/Developer/CommandLineTools/SDKs/MacOSX11.1.sdk conftest.c >&5
configure:16451: $? = 0
configure:16459: result: clang
configure:17304: checking CFLAGS for maximum warnings
configure:17324: /usr/bin/clang -c -pipe -Os -integrated-as -arch x86_64 -isysroot/Library/Developer/CommandLineTools/SDKs/MacOSX11.1.sdk -warn all  -warn all -I/opt/local/include -isysroot/Library/Developer/CommandLineTools/SDKs/MacOSX11.1.sdk conftest.c >&5
clang: error: unknown argument: '-warn'
clang: error: unknown argument: '-warn'
clang: error: no such file or directory: 'all'
clang: error: no such file or directory: 'all'
configure:17324: $? = 1
configure: failed program was:
| /* confdefs.h */
| #define PACKAGE_NAME "libffi"
| #define PACKAGE_TARNAME "libffi"
| #define PACKAGE_VERSION "3.3"
| #define PACKAGE_STRING "libffi 3.3"
| #define PACKAGE_BUGREPORT "http://github.com/libffi/libffi/issues"
| #define PACKAGE_URL ""
| #define PACKAGE "libffi"
| #define VERSION "3.3"
| #define STDC_HEADERS 1
| #define HAVE_SYS_TYPES_H 1
| #define HAVE_SYS_STAT_H 1
| #define HAVE_STDLIB_H 1
| #define HAVE_STRING_H 1
| #define HAVE_MEMORY_H 1
| #define HAVE_STRINGS_H 1
| #define HAVE_INTTYPES_H 1
| #define HAVE_STDINT_H 1
| #define HAVE_UNISTD_H 1
| #define HAVE_DLFCN_H 1
| #define LT_OBJDIR ".libs/"
| #define SIZEOF_SIZE_T 8
| /* end confdefs.h.  */
| 
| int
| main ()
| {
| 
|   ;
|   return 0;
| }
configure:17324: /usr/bin/clang -c -pipe -Os -integrated-as -arch x86_64 -isysroot/Library/Developer/CommandLineTools/SDKs/MacOSX11.1.sdk -pedantic  -Wall -I/opt/local/include -isysroot/Library/Developer/CommandLineTools/SDKs/MacOSX11.1.sdk conftest.c >&5
configure:17324: $? = 0
configure:17332: result: -Wall
configure:17352: : CFLAGS="$CFLAGS"
configure:17355: $? = 0
configure:17392: checking whether to enable maintainer-specific portions of Makefiles
configure:17401: result: no
configure:17417: checking sys/mman.h usability
configure:17417: /usr/bin/clang -c -pipe -Os -integrated-as -arch x86_64 -isysroot/Library/Developer/CommandLineTools/SDKs/MacOSX11.1.sdk -Wall -fexceptions -I/opt/local/include -isysroot/Library/Developer/CommandLineTools/SDKs/MacOSX11.1.sdk conftest.c >&5
configure:17417: $? = 0
configure:17417: result: yes
configure:17417: checking sys/mman.h presence
configure:17417: /usr/bin/clang -E -I/opt/local/include -isysroot/Library/Developer/CommandLineTools/SDKs/MacOSX11.1.sdk conftest.c
configure:17417: $? = 0
configure:17417: result: yes
configure:17417: checking for sys/mman.h
configure:17417: result: yes
configure:17430: checking for mmap
configure:17430: /usr/bin/clang -o conftest -pipe -Os -integrated-as -arch x86_64 -isysroot/Library/Developer/CommandLineTools/SDKs/MacOSX11.1.sdk -Wall -fexceptions -I/opt/local/include -isysroot/Library/Developer/CommandLineTools/SDKs/MacOSX11.1.sdk -L/opt/local/lib -Wl,-headerpad_max_install_names -arch x86_64 -Wl,-syslibroot,/Library/Developer/CommandLineTools/SDKs/MacOSX11.1.sdk conftest.c  >&5
configure:17430: $? = 0
configure:17430: result: yes
configure:17430: checking for mkostemp
configure:17430: /usr/bin/clang -o conftest -pipe -Os -integrated-as -arch x86_64 -isysroot/Library/Developer/CommandLineTools/SDKs/MacOSX11.1.sdk -Wall -fexceptions -I/opt/local/include -isysroot/Library/Developer/CommandLineTools/SDKs/MacOSX11.1.sdk -L/opt/local/lib -Wl,-headerpad_max_install_names -arch x86_64 -Wl,-syslibroot,/Library/Developer/CommandLineTools/SDKs/MacOSX11.1.sdk conftest.c  >&5
configure:17430: $? = 0
configure:17430: result: yes
configure:17440: checking for sys/mman.h
configure:17440: result: yes
configure:17448: checking for mmap
configure:17448: result: yes
configure:17461: checking whether read-only mmap of a plain file works
configure:17478: result: yes
configure:17480: checking whether mmap from /dev/zero works
configure:17502: result: no
configure:17506: checking for MAP_ANON(YMOUS)
configure:17529: /usr/bin/clang -c -pipe -Os -integrated-as -arch x86_64 -isysroot/Library/Developer/CommandLineTools/SDKs/MacOSX11.1.sdk -Wall -fexceptions -I/opt/local/include -isysroot/Library/Developer/CommandLineTools/SDKs/MacOSX11.1.sdk conftest.c >&5
conftest.c:38:5: warning: unused variable 'n' [-Wunused-variable]
int n = MAP_ANONYMOUS;
    ^
1 warning generated.
configure:17529: $? = 0
configure:17536: result: yes
configure:17542: checking whether mmap with MAP_ANON(YMOUS) works
configure:17559: result: yes
configure:17602: checking for ANSI C header files
configure:17706: result: yes
configure:17716: checking for memcpy
configure:17716: /usr/bin/clang -o conftest -pipe -Os -integrated-as -arch x86_64 -isysroot/Library/Developer/CommandLineTools/SDKs/MacOSX11.1.sdk -Wall -fexceptions -I/opt/local/include -isysroot/Library/Developer/CommandLineTools/SDKs/MacOSX11.1.sdk -L/opt/local/lib -Wl,-headerpad_max_install_names -arch x86_64 -Wl,-syslibroot,/Library/Developer/CommandLineTools/SDKs/MacOSX11.1.sdk conftest.c  >&5
conftest.c:53:6: warning: incompatible redeclaration of library function 'memcpy' [-Wincompatible-library-redeclaration]
char memcpy ();
     ^
conftest.c:53:6: note: 'memcpy' is a builtin with type 'void *(void *, const void *, unsigned long)'
1 warning generated.
configure:17716: $? = 0
configure:17716: result: yes
configure:17725: checking for size_t
configure:17725: /usr/bin/clang -c -pipe -Os -integrated-as -arch x86_64 -isysroot/Library/Developer/CommandLineTools/SDKs/MacOSX11.1.sdk -Wall -fexceptions -I/opt/local/include -isysroot/Library/Developer/CommandLineTools/SDKs/MacOSX11.1.sdk conftest.c >&5
configure:17725: $? = 0
configure:17725: /usr/bin/clang -c -pipe -Os -integrated-as -arch x86_64 -isysroot/Library/Developer/CommandLineTools/SDKs/MacOSX11.1.sdk -Wall -fexceptions -I/opt/local/include -isysroot/Library/Developer/CommandLineTools/SDKs/MacOSX11.1.sdk conftest.c >&5
conftest.c:67:21: error: expected expression
if (sizeof ((size_t)))
                    ^
1 error generated.
configure:17725: $? = 1
configure: failed program was:
| /* confdefs.h */
| #define PACKAGE_NAME "libffi"
| #define PACKAGE_TARNAME "libffi"
| #define PACKAGE_VERSION "3.3"
| #define PACKAGE_STRING "libffi 3.3"
| #define PACKAGE_BUGREPORT "http://github.com/libffi/libffi/issues"
| #define PACKAGE_URL ""
| #define PACKAGE "libffi"
| #define VERSION "3.3"
| #define STDC_HEADERS 1
| #define HAVE_SYS_TYPES_H 1
| #define HAVE_SYS_STAT_H 1
| #define HAVE_STDLIB_H 1
| #define HAVE_STRING_H 1
| #define HAVE_MEMORY_H 1
| #define HAVE_STRINGS_H 1
| #define HAVE_INTTYPES_H 1
| #define HAVE_STDINT_H 1
| #define HAVE_UNISTD_H 1
| #define HAVE_DLFCN_H 1
| #define LT_OBJDIR ".libs/"
| #define SIZEOF_SIZE_T 8
| #define HAVE_SYS_MMAN_H 1
| #define HAVE_MMAP 1
| #define HAVE_MKOSTEMP 1
| #define HAVE_MMAP_FILE 1
| #define HAVE_MMAP_ANON 1
| #define STDC_HEADERS 1
| #define HAVE_MEMCPY 1
| /* end confdefs.h.  */
| #include <stdio.h>
| #ifdef HAVE_SYS_TYPES_H
| # include <sys/types.h>
| #endif
| #ifdef HAVE_SYS_STAT_H
| # include <sys/stat.h>
| #endif
| #ifdef STDC_HEADERS
| # include <stdlib.h>
| # include <stddef.h>
| #else
| # ifdef HAVE_STDLIB_H
| #  include <stdlib.h>
| # endif
| #endif
| #ifdef HAVE_STRING_H
| # if !defined STDC_HEADERS && defined HAVE_MEMORY_H
| #  include <memory.h>
| # endif
| # include <string.h>
| #endif
| #ifdef HAVE_STRINGS_H
| # include <strings.h>
| #endif
| #ifdef HAVE_INTTYPES_H
| # include <inttypes.h>
| #endif
| #ifdef HAVE_STDINT_H
| # include <stdint.h>
| #endif
| #ifdef HAVE_UNISTD_H
| # include <unistd.h>
| #endif
| int
| main ()
| {
| if (sizeof ((size_t)))
| 	    return 0;
|   ;
|   return 0;
| }
configure:17725: result: yes
configure:17738: checking for working alloca.h
configure:17755: /usr/bin/clang -o conftest -pipe -Os -integrated-as -arch x86_64 -isysroot/Library/Developer/CommandLineTools/SDKs/MacOSX11.1.sdk -Wall -fexceptions -I/opt/local/include -isysroot/Library/Developer/CommandLineTools/SDKs/MacOSX11.1.sdk -L/opt/local/lib -Wl,-headerpad_max_install_names -arch x86_64 -Wl,-syslibroot,/Library/Developer/CommandLineTools/SDKs/MacOSX11.1.sdk conftest.c  >&5
configure:17755: $? = 0
configure:17763: result: yes
configure:17771: checking for alloca
configure:17808: /usr/bin/clang -o conftest -pipe -Os -integrated-as -arch x86_64 -isysroot/Library/Developer/CommandLineTools/SDKs/MacOSX11.1.sdk -Wall -fexceptions -I/opt/local/include -isysroot/Library/Developer/CommandLineTools/SDKs/MacOSX11.1.sdk -L/opt/local/lib -Wl,-headerpad_max_install_names -arch x86_64 -Wl,-syslibroot,/Library/Developer/CommandLineTools/SDKs/MacOSX11.1.sdk conftest.c  >&5
configure:17808: $? = 0
configure:17816: result: yes
configure:17927: checking size of double
configure:17932: /usr/bin/clang -o conftest -pipe -Os -integrated-as -arch x86_64 -isysroot/Library/Developer/CommandLineTools/SDKs/MacOSX11.1.sdk -Wall -fexceptions -I/opt/local/include -isysroot/Library/Developer/CommandLineTools/SDKs/MacOSX11.1.sdk -L/opt/local/lib -Wl,-headerpad_max_install_names -arch x86_64 -Wl,-syslibroot,/Library/Developer/CommandLineTools/SDKs/MacOSX11.1.sdk conftest.c  >&5
configure:17932: $? = 0
configure:17932: ./conftest
configure:17932: $? = 0
configure:17946: result: 8
configure:17960: checking size of long double
configure:17965: /usr/bin/clang -o conftest -pipe -Os -integrated-as -arch x86_64 -isysroot/Library/Developer/CommandLineTools/SDKs/MacOSX11.1.sdk -Wall -fexceptions -I/opt/local/include -isysroot/Library/Developer/CommandLineTools/SDKs/MacOSX11.1.sdk -L/opt/local/lib -Wl,-headerpad_max_install_names -arch x86_64 -Wl,-syslibroot,/Library/Developer/CommandLineTools/SDKs/MacOSX11.1.sdk conftest.c  >&5
configure:17965: $? = 0
configure:17965: ./conftest
configure:17965: $? = 0
configure:17979: result: 16
configure:18012: checking whether byte ordering is bigendian
configure:18027: /usr/bin/clang -c -pipe -Os -integrated-as -arch x86_64 -isysroot/Library/Developer/CommandLineTools/SDKs/MacOSX11.1.sdk -Wall -fexceptions -I/opt/local/include -isysroot/Library/Developer/CommandLineTools/SDKs/MacOSX11.1.sdk conftest.c >&5
configure:18027: $? = 0
configure:18072: /usr/bin/clang -c -pipe -Os -integrated-as -arch x86_64 -isysroot/Library/Developer/CommandLineTools/SDKs/MacOSX11.1.sdk -Wall -fexceptions -I/opt/local/include -isysroot/Library/Developer/CommandLineTools/SDKs/MacOSX11.1.sdk conftest.c >&5
configure:18072: $? = 0
configure:18090: /usr/bin/clang -c -pipe -Os -integrated-as -arch x86_64 -isysroot/Library/Developer/CommandLineTools/SDKs/MacOSX11.1.sdk -Wall -fexceptions -I/opt/local/include -isysroot/Library/Developer/CommandLineTools/SDKs/MacOSX11.1.sdk conftest.c >&5
conftest.c:43:4: error: use of undeclared identifier 'not'
                 not big endian
                 ^
1 error generated.
configure:18090: $? = 1
configure: failed program was:
| /* confdefs.h */
| #define PACKAGE_NAME "libffi"
| #define PACKAGE_TARNAME "libffi"
| #define PACKAGE_VERSION "3.3"
| #define PACKAGE_STRING "libffi 3.3"
| #define PACKAGE_BUGREPORT "http://github.com/libffi/libffi/issues"
| #define PACKAGE_URL ""
| #define PACKAGE "libffi"
| #define VERSION "3.3"
| #define STDC_HEADERS 1
| #define HAVE_SYS_TYPES_H 1
| #define HAVE_SYS_STAT_H 1
| #define HAVE_STDLIB_H 1
| #define HAVE_STRING_H 1
| #define HAVE_MEMORY_H 1
| #define HAVE_STRINGS_H 1
| #define HAVE_INTTYPES_H 1
| #define HAVE_STDINT_H 1
| #define HAVE_UNISTD_H 1
| #define HAVE_DLFCN_H 1
| #define LT_OBJDIR ".libs/"
| #define SIZEOF_SIZE_T 8
| #define HAVE_SYS_MMAN_H 1
| #define HAVE_MMAP 1
| #define HAVE_MKOSTEMP 1
| #define HAVE_MMAP_FILE 1
| #define HAVE_MMAP_ANON 1
| #define STDC_HEADERS 1
| #define HAVE_MEMCPY 1
| #define HAVE_ALLOCA_H 1
| #define HAVE_ALLOCA 1
| #define SIZEOF_DOUBLE 8
| #define SIZEOF_LONG_DOUBLE 16
| #define HAVE_LONG_DOUBLE 1
| /* end confdefs.h.  */
| #include <sys/types.h>
| 		#include <sys/param.h>
| 
| int
| main ()
| {
| #if BYTE_ORDER != BIG_ENDIAN
| 		 not big endian
| 		#endif
| 
|   ;
|   return 0;
| }
configure:18218: result: no
configure:18237: checking assembler .cfi pseudo-op support
configure:18255: /usr/bin/clang -c -pipe -Os -integrated-as -arch x86_64 -isysroot/Library/Developer/CommandLineTools/SDKs/MacOSX11.1.sdk -Wall -fexceptions -I/opt/local/include -isysroot/Library/Developer/CommandLineTools/SDKs/MacOSX11.1.sdk conftest.c >&5
<inline asm>:1:14: error: Expected an identifier
.cfi_sections
             ^
1 error generated.
configure:18255: $? = 1
configure: failed program was:
| /* confdefs.h */
| #define PACKAGE_NAME "libffi"
| #define PACKAGE_TARNAME "libffi"
| #define PACKAGE_VERSION "3.3"
| #define PACKAGE_STRING "libffi 3.3"
| #define PACKAGE_BUGREPORT "http://github.com/libffi/libffi/issues"
| #define PACKAGE_URL ""
| #define PACKAGE "libffi"
| #define VERSION "3.3"
| #define STDC_HEADERS 1
| #define HAVE_SYS_TYPES_H 1
| #define HAVE_SYS_STAT_H 1
| #define HAVE_STDLIB_H 1
| #define HAVE_STRING_H 1
| #define HAVE_MEMORY_H 1
| #define HAVE_STRINGS_H 1
| #define HAVE_INTTYPES_H 1
| #define HAVE_STDINT_H 1
| #define HAVE_UNISTD_H 1
| #define HAVE_DLFCN_H 1
| #define LT_OBJDIR ".libs/"
| #define SIZEOF_SIZE_T 8
| #define HAVE_SYS_MMAN_H 1
| #define HAVE_MMAP 1
| #define HAVE_MKOSTEMP 1
| #define HAVE_MMAP_FILE 1
| #define HAVE_MMAP_ANON 1
| #define STDC_HEADERS 1
| #define HAVE_MEMCPY 1
| #define HAVE_ALLOCA_H 1
| #define HAVE_ALLOCA 1
| #define SIZEOF_DOUBLE 8
| #define SIZEOF_LONG_DOUBLE 16
| #define HAVE_LONG_DOUBLE 1
| /* end confdefs.h.  */
| asm (".cfi_sections\n\t.cfi_startproc\n\t.cfi_endproc");
| int
| main ()
| {
| 
|   ;
|   return 0;
| }
configure:18263: result: no
configure:18350: checking assembler supports pc related relocs
configure:18363: result: yes
configure:18409: checking for _ prefix in compiled symbols
configure:18419: /usr/bin/clang -c -pipe -Os -integrated-as -arch x86_64 -isysroot/Library/Developer/CommandLineTools/SDKs/MacOSX11.1.sdk -Wall -fexceptions -I/opt/local/include -isysroot/Library/Developer/CommandLineTools/SDKs/MacOSX11.1.sdk conftest.c >&5
conftest.c:2:12: warning: expression result unused [-Wunused-value]
int main(){nm_test_func;return 0;}
           ^~~~~~~~~~~~
1 warning generated.
configure:18422: $? = 0
configure:18426: nm conftest.o \| sed -n -e 's/^.*[	 ]\([BCDEGRST][BCDEGRST]*\)[	 ][	 ]*_\([_A-Za-z][_A-Za-z0-9]*\)$/\1 _\2 \2/p' | sed '/ __gnu_lto/d' \> conftest.nm
configure:18429: $? = 0
configure:18451: result: yes
configure:18487: checking toolchain supports unwind section type
configure:18516: result: no
configure:18526: checking whether .eh_frame section should be read-only
configure:18548: result: no
configure:18563: checking for __attribute__((visibility("hidden")))
configure:18572: /usr/bin/clang -Werror -S conftest.c -o conftest.s 1>&5
configure:18575: $? = 0
configure:18584: result: yes
configure:18723: checking for ld used by /usr/bin/clang
configure:18790: result: /Library/Developer/CommandLineTools/usr/bin/ld
configure:18797: checking if the linker (/Library/Developer/CommandLineTools/usr/bin/ld) is GNU ld
configure:18812: result: no
configure:19125: versioning on shared library symbols is no
configure:19246: checking that generated files are newer than configure
configure:19252: result: done
configure:19320: creating ./config.status

## ---------------------- ##
## Running config.status. ##
## ---------------------- ##

This file was extended by libffi config.status 3.3, which was
generated by GNU Autoconf 2.69.  Invocation command line was

  CONFIG_FILES    = 
  CONFIG_HEADERS  = 
  CONFIG_LINKS    = 
  CONFIG_COMMANDS = 
  $ ./config.status 

on macbookair.local

config.status:1227: creating include/Makefile
config.status:1227: creating include/ffi.h
config.status:1227: creating Makefile
config.status:1227: creating testsuite/Makefile
config.status:1227: creating man/Makefile
config.status:1227: creating doc/Makefile
config.status:1227: creating libffi.pc
config.status:1227: creating fficonfig.h
config.status:1441: executing buildir commands
config.status:1471: create top_srcdir/Makefile guessed from local Makefile
config.status:1586: build in x86_64-apple-darwin20.2.0 (HOST=)
config.status:1441: executing depfiles commands
config.status:1662: cd .       && sed -e '/# am--include-marker/d' Makefile         | make -f - am--depfiles
config.status:1667: $? = 0
config.status:1441: executing libtool commands
config.status:1441: executing include commands
config.status:1441: executing src commands

## ---------------- ##
## Cache variables. ##
## ---------------- ##

ac_cv_build=aarch64-apple-darwin20.2.0
ac_cv_c_bigendian=no
ac_cv_c_compiler_gnu=yes
ac_cv_cflags_warn_all=-Wall
ac_cv_cxx_compiler_gnu=yes
ac_cv_decl_map_anon=yes
ac_cv_env_CCASFLAGS_set=
ac_cv_env_CCASFLAGS_value=
ac_cv_env_CCAS_set=
ac_cv_env_CCAS_value=
ac_cv_env_CPPFLAGS_set=set
ac_cv_env_CPPFLAGS_value='-I/opt/local/include -isysroot/Library/Developer/CommandLineTools/SDKs/MacOSX11.1.sdk'
ac_cv_env_CPP_set=
ac_cv_env_CPP_value=
ac_cv_env_CXXCPP_set=
ac_cv_env_CXXCPP_value=
ac_cv_env_LT_SYS_LIBRARY_PATH_set=
ac_cv_env_LT_SYS_LIBRARY_PATH_value=
ac_cv_env_build_alias_set=
ac_cv_env_build_alias_value=
ac_cv_env_host_alias_set=set
ac_cv_env_host_alias_value=x86_64-apple-darwin20.2.0
ac_cv_env_target_alias_set=
ac_cv_env_target_alias_value=
ac_cv_func_alloca_works=yes
ac_cv_func_memcpy=yes
ac_cv_func_mkostemp=yes
ac_cv_func_mmap=yes
ac_cv_func_mmap_anon=yes
ac_cv_func_mmap_dev_zero=no
ac_cv_func_mmap_file=yes
ac_cv_header_dlfcn_h=yes
ac_cv_header_inttypes_h=yes
ac_cv_header_memory_h=yes
ac_cv_header_stdc=yes
ac_cv_header_stdint_h=yes
ac_cv_header_stdlib_h=yes
ac_cv_header_string_h=yes
ac_cv_header_strings_h=yes
ac_cv_header_sys_mman_h=yes
ac_cv_header_sys_stat_h=yes
ac_cv_header_sys_types_h=yes
ac_cv_header_unistd_h=yes
ac_cv_host=x86_64-apple-darwin20.2.0
ac_cv_objext=o
ac_cv_path_EGREP='/usr/bin/grep -E'
ac_cv_path_FGREP='/usr/bin/grep -F'
ac_cv_path_GREP=/usr/bin/grep
ac_cv_path_SED=/opt/local/bin/gsed
ac_cv_path_ax_enable_builddir_sed=/opt/local/bin/gsed
ac_cv_path_lt_DD=/bin/dd
ac_cv_path_mkdir=/opt/local/bin/gmkdir
ac_cv_prog_AWK=gawk
ac_cv_prog_CC=/usr/bin/clang
ac_cv_prog_CPP='/usr/bin/clang -E'
ac_cv_prog_CXXCPP='/usr/bin/clang++ -E'
ac_cv_prog_STRIP=strip
ac_cv_prog_ac_ct_AR=ar
ac_cv_prog_ac_ct_DSYMUTIL=dsymutil
ac_cv_prog_ac_ct_DUMPBIN='link -dump'
ac_cv_prog_ac_ct_LIPO=lipo
ac_cv_prog_ac_ct_NMEDIT=nmedit
ac_cv_prog_ac_ct_OBJDUMP=objdump
ac_cv_prog_ac_ct_OTOOL=otool
ac_cv_prog_ac_ct_RANLIB=ranlib
ac_cv_prog_ac_ct_STRIP=strip
ac_cv_prog_cc_c89=
ac_cv_prog_cc_g=yes
ac_cv_prog_cxx_g=yes
ac_cv_prog_make_make_set=yes
ac_cv_sizeof_double=8
ac_cv_sizeof_long_double=16
ac_cv_sizeof_size_t=8
ac_cv_target=x86_64-apple-darwin20.2.0
ac_cv_type_size_t=yes
ac_cv_working_alloca_h=yes
am_cv_CCAS_dependencies_compiler_type=gcc3
am_cv_CC_dependencies_compiler_type=gcc3
am_cv_CXX_dependencies_compiler_type=gcc3
am_cv_make_support_nested_variables=yes
am_cv_prog_cc_c_o=yes
ax_cv_c_compiler_vendor=clang
gcc_cv_as_cfi_pseudo_op=no
libffi_cv_as_x86_64_unwind_section_type=no
libffi_cv_as_x86_pcrel=yes
libffi_cv_hidden_visibility_attribute=yes
libffi_cv_ro_eh_frame=no
lt_cv_apple_cc_single_mod=yes
lt_cv_ar_at_file=no
lt_cv_deplibs_check_method=pass_all
lt_cv_file_magic_cmd='$MAGIC_CMD'
lt_cv_file_magic_test_file=
lt_cv_ld_exported_symbols_list=yes
lt_cv_ld_force_load=yes
lt_cv_ld_reload_flag=-r
lt_cv_nm_interface='BSD nm'
lt_cv_objdir=.libs
lt_cv_path_LD=/Library/Developer/CommandLineTools/usr/bin/ld
lt_cv_path_LDCXX=/Library/Developer/CommandLineTools/usr/bin/ld
lt_cv_path_NM=no
lt_cv_path_mainfest_tool=no
lt_cv_prog_compiler_c_o=yes
lt_cv_prog_compiler_c_o_CXX=yes
lt_cv_prog_compiler_pic='-fno-common -DPIC'
lt_cv_prog_compiler_pic_CXX='-fno-common -DPIC'
lt_cv_prog_compiler_pic_works=yes
lt_cv_prog_compiler_pic_works_CXX=yes
lt_cv_prog_compiler_rtti_exceptions=yes
lt_cv_prog_compiler_static_works=no
lt_cv_prog_compiler_static_works_CXX=no
lt_cv_prog_gnu_ld=no
lt_cv_prog_gnu_ldcxx=no
lt_cv_sharedlib_from_linklib_cmd='printf %s\n'
lt_cv_sys_global_symbol_pipe='sed -n -e '\''s/^.*[	 ]\([BCDEGRST][BCDEGRST]*\)[	 ][	 ]*_\([_A-Za-z][_A-Za-z0-9]*\)$/\1 _\2 \2/p'\'' | sed '\''/ __gnu_lto/d'\'''
lt_cv_sys_global_symbol_to_c_name_address='sed -n -e '\''s/^: \(.*\) .*$/  {"\1", (void *) 0},/p'\'' -e '\''s/^[BCDEGRST][BCDEGRST]* .* \(.*\)$/  {"\1", (void *) \&\1},/p'\'''
lt_cv_sys_global_symbol_to_c_name_address_lib_prefix='sed -n -e '\''s/^: \(.*\) .*$/  {"\1", (void *) 0},/p'\'' -e '\''s/^[BCDEGRST][BCDEGRST]* .* \(lib.*\)$/  {"\1", (void *) \&\1},/p'\'' -e '\''s/^[BCDEGRST][BCDEGRST]* .* \(.*\)$/  {"lib\1", (void *) \&\1},/p'\'''
lt_cv_sys_global_symbol_to_cdecl='sed -n -e '\''s/^T .* \(.*\)$/extern int \1();/p'\'' -e '\''s/^[BCDEGRST][BCDEGRST]* .* \(.*\)$/extern char \1;/p'\'''
lt_cv_sys_global_symbol_to_import=
lt_cv_sys_max_cmd_len=786432
lt_cv_sys_symbol_underscore=yes
lt_cv_to_host_file_cmd=func_convert_file_noop
lt_cv_to_tool_file_cmd=func_convert_file_noop
lt_cv_truncate_bin='/bin/dd bs=4096 count=1'

## ----------------- ##
## Output variables. ##
## ----------------- ##

ACLOCAL='${SHELL} '\''/opt/local/var/macports/build/_opt_local_var_macports_sources_rsync.macports.org_macports_release_tarballs_ports_devel_libffi/libffi/work/libffi-3.3-x86_64/missing'\'' aclocal-1.16'
ALLOCA=''
AMDEPBACKSLASH='\'
AMDEP_FALSE='#'
AMDEP_TRUE=''
AMTAR='$${TAR-tar}'
AM_BACKSLASH='\'
AM_DEFAULT_V='$(AM_DEFAULT_VERBOSITY)'
AM_DEFAULT_VERBOSITY='1'
AM_LTLDFLAGS=''
AM_RUNTESTFLAGS=''
AM_V='$(V)'
AR='ar'
AUTOCONF='${SHELL} '\''/opt/local/var/macports/build/_opt_local_var_macports_sources_rsync.macports.org_macports_release_tarballs_ports_devel_libffi/libffi/work/libffi-3.3-x86_64/missing'\'' autoconf'
AUTOHEADER='${SHELL} '\''/opt/local/var/macports/build/_opt_local_var_macports_sources_rsync.macports.org_macports_release_tarballs_ports_devel_libffi/libffi/work/libffi-3.3-x86_64/missing'\'' autoheader'
AUTOMAKE='${SHELL} '\''/opt/local/var/macports/build/_opt_local_var_macports_sources_rsync.macports.org_macports_release_tarballs_ports_devel_libffi/libffi/work/libffi-3.3-x86_64/missing'\'' automake-1.16'
AWK='gawk'
BUILD_DOCS_FALSE='#'
BUILD_DOCS_TRUE=''
CC='/usr/bin/clang'
CCAS='/usr/bin/clang'
CCASDEPMODE='depmode=gcc3'
CCASFLAGS='-pipe -Os -integrated-as -arch x86_64 -isysroot/Library/Developer/CommandLineTools/SDKs/MacOSX11.1.sdk'
CCDEPMODE='depmode=gcc3'
CFLAGS='-pipe -Os -integrated-as -arch x86_64 -isysroot/Library/Developer/CommandLineTools/SDKs/MacOSX11.1.sdk -Wall -fexceptions'
CPP='/usr/bin/clang -E'
CPPFLAGS='-I/opt/local/include -isysroot/Library/Developer/CommandLineTools/SDKs/MacOSX11.1.sdk'
CXX='/usr/bin/clang++'
CXXCPP='/usr/bin/clang++ -E'
CXXDEPMODE='depmode=gcc3'
CXXFLAGS='-pipe -Os -arch x86_64 -stdlib=libc++ -isysroot/Library/Developer/CommandLineTools/SDKs/MacOSX11.1.sdk'
CYGPATH_W='echo'
DEFS='-DHAVE_CONFIG_H'
DEPDIR='.deps'
DLLTOOL='false'
DSYMUTIL='dsymutil'
DUMPBIN=':'
ECHO_C='\c'
ECHO_N=''
ECHO_T=''
EGREP='/usr/bin/grep -E'
EXEEXT=''
FFI_DEBUG_FALSE=''
FFI_DEBUG_TRUE='#'
FFI_EXEC_TRAMPOLINE_TABLE='0'
FFI_EXEC_TRAMPOLINE_TABLE_FALSE=''
FFI_EXEC_TRAMPOLINE_TABLE_TRUE='#'
FGREP='/usr/bin/grep -F'
GREP='/usr/bin/grep'
HAVE_LONG_DOUBLE='1'
HAVE_LONG_DOUBLE_VARIANT='0'
INSTALL_DATA='${INSTALL} -m 644'
INSTALL_PROGRAM='${INSTALL}'
INSTALL_SCRIPT='${INSTALL}'
INSTALL_STRIP_PROGRAM='$(install_sh) -c -s'
LD='/Library/Developer/CommandLineTools/usr/bin/ld'
LDFLAGS='-L/opt/local/lib -Wl,-headerpad_max_install_names -arch x86_64 -Wl,-syslibroot,/Library/Developer/CommandLineTools/SDKs/MacOSX11.1.sdk'
LIBFFI_BUILD_VERSIONED_SHLIB_FALSE=''
LIBFFI_BUILD_VERSIONED_SHLIB_GNU_FALSE=''
LIBFFI_BUILD_VERSIONED_SHLIB_GNU_TRUE='#'
LIBFFI_BUILD_VERSIONED_SHLIB_SUN_FALSE=''
LIBFFI_BUILD_VERSIONED_SHLIB_SUN_TRUE='#'
LIBFFI_BUILD_VERSIONED_SHLIB_TRUE='#'
LIBOBJS=''
LIBS=''
LIBTOOL='$(SHELL) $(top_builddir)/libtool'
LIPO='lipo'
LN_S='ln -s'
LTLIBOBJS=''
LT_SYS_LIBRARY_PATH=''
MAINT='#'
MAINTAINER_MODE_FALSE=''
MAINTAINER_MODE_TRUE='#'
MAKEINFO='${SHELL} '\''/opt/local/var/macports/build/_opt_local_var_macports_sources_rsync.macports.org_macports_release_tarballs_ports_devel_libffi/libffi/work/libffi-3.3-x86_64/missing'\'' makeinfo'
MANIFEST_TOOL=':'
MKDIR_P='/opt/local/bin/gmkdir -p'
NM='nm'
NMEDIT='nmedit'
OBJDUMP='objdump'
OBJEXT='o'
OPT_LDFLAGS=''
OTOOL64=':'
OTOOL='otool'
PACKAGE='libffi'
PACKAGE_BUGREPORT='http://github.com/libffi/libffi/issues'
PACKAGE_NAME='libffi'
PACKAGE_STRING='libffi 3.3'
PACKAGE_TARNAME='libffi'
PACKAGE_URL=''
PACKAGE_VERSION='3.3'
PATH_SEPARATOR=':'
PRTDIAG=''
RANLIB='ranlib'
SECTION_LDFLAGS=''
SED='/opt/local/bin/gsed'
SET_MAKE=''
SHELL='/bin/sh'
STRIP='strip'
TARGET='X86_64'
TARGETDIR='x86'
TARGET_OBJ=' src/x86/ffi64.lo src/x86/unix64.lo src/x86/ffiw64.lo src/x86/win64.lo'
TESTSUBDIR_FALSE='#'
TESTSUBDIR_TRUE=''
VERSION='3.3'
ac_ct_AR='ar'
ac_ct_CC=''
ac_ct_CXX=''
ac_ct_DUMPBIN='link -dump'
am__EXEEXT_FALSE=''
am__EXEEXT_TRUE='#'
am__fastdepCCAS_FALSE='#'
am__fastdepCCAS_TRUE=''
am__fastdepCC_FALSE='#'
am__fastdepCC_TRUE=''
am__fastdepCXX_FALSE='#'
am__fastdepCXX_TRUE=''
am__include='include'
am__isrc=' -I$(srcdir)'
am__leading_dot='.'
am__nodep='_no'
am__quote=''
am__tar='$${TAR-tar} chof - "$$tardir"'
am__untar='$${TAR-tar} xf -'
ax_enable_builddir_sed='/opt/local/bin/gsed'
bindir='${exec_prefix}/bin'
build='aarch64-apple-darwin20.2.0'
build_alias=''
build_cpu='aarch64'
build_os='darwin20.2.0'
build_vendor='apple'
datadir='${datarootdir}'
datarootdir='${prefix}/share'
docdir='${datarootdir}/doc/${PACKAGE_TARNAME}'
dvidir='${docdir}'
exec_prefix='${prefix}'
host='x86_64-apple-darwin20.2.0'
host_alias='x86_64-apple-darwin20.2.0'
host_cpu='x86_64'
host_os='darwin20.2.0'
host_vendor='apple'
htmldir='${docdir}'
includedir='${prefix}/include'
infodir='${datarootdir}/info'
install_sh='${SHELL} /opt/local/var/macports/build/_opt_local_var_macports_sources_rsync.macports.org_macports_release_tarballs_ports_devel_libffi/libffi/work/libffi-3.3-x86_64/install-sh'
libdir='${exec_prefix}/lib'
libexecdir='${exec_prefix}/libexec'
localedir='${datarootdir}/locale'
localstatedir='${prefix}/var'
mandir='${datarootdir}/man'
mkdir_p='$(MKDIR_P)'
oldincludedir='/usr/include'
pdfdir='${docdir}'
prefix='/opt/local'
program_transform_name='s,x,x,'
psdir='${docdir}'
sbindir='${exec_prefix}/sbin'
sharedstatedir='${prefix}/com'
sys_symbol_underscore='yes'
sysconfdir='${prefix}/etc'
target='x86_64-apple-darwin20.2.0'
target_alias='x86_64-apple-darwin20.2.0'
target_cpu='x86_64'
target_os='darwin20.2.0'
target_vendor='apple'
toolexecdir='${libdir}/gcc-lib/$(target_alias)'
toolexeclibdir='${libdir}'

## ----------- ##
## confdefs.h. ##
## ----------- ##

/* confdefs.h */
#define PACKAGE_NAME "libffi"
#define PACKAGE_TARNAME "libffi"
#define PACKAGE_VERSION "3.3"
#define PACKAGE_STRING "libffi 3.3"
#define PACKAGE_BUGREPORT "http://github.com/libffi/libffi/issues"
#define PACKAGE_URL ""
#define PACKAGE "libffi"
#define VERSION "3.3"
#define STDC_HEADERS 1
#define HAVE_SYS_TYPES_H 1
#define HAVE_SYS_STAT_H 1
#define HAVE_STDLIB_H 1
#define HAVE_STRING_H 1
#define HAVE_MEMORY_H 1
#define HAVE_STRINGS_H 1
#define HAVE_INTTYPES_H 1
#define HAVE_STDINT_H 1
#define HAVE_UNISTD_H 1
#define HAVE_DLFCN_H 1
#define LT_OBJDIR ".libs/"
#define SIZEOF_SIZE_T 8
#define HAVE_SYS_MMAN_H 1
#define HAVE_MMAP 1
#define HAVE_MKOSTEMP 1
#define HAVE_MMAP_FILE 1
#define HAVE_MMAP_ANON 1
#define STDC_HEADERS 1
#define HAVE_MEMCPY 1
#define HAVE_ALLOCA_H 1
#define HAVE_ALLOCA 1
#define SIZEOF_DOUBLE 8
#define SIZEOF_LONG_DOUBLE 16
#define HAVE_LONG_DOUBLE 1
#define HAVE_AS_X86_PCREL 1
#define SYMBOL_UNDERSCORE 1
#define FFI_MMAP_EXEC_WRIT 1
#define EH_FRAME_FLAGS "aw"
#define HAVE_HIDDEN_VISIBILITY_ATTRIBUTE 1

configure: exit 0

## ---------------- ##
## Cache variables. ##
## ---------------- ##

ac_cv_build=aarch64-apple-darwin20.2.0
ac_cv_env_CCASFLAGS_set=
ac_cv_env_CCASFLAGS_value=
ac_cv_env_CCAS_set=
ac_cv_env_CCAS_value=
ac_cv_env_CPPFLAGS_set=set
ac_cv_env_CPPFLAGS_value='-I/opt/local/include -isysroot/Library/Developer/CommandLineTools/SDKs/MacOSX11.1.sdk'
ac_cv_env_CPP_set=
ac_cv_env_CPP_value=
ac_cv_env_CXXCPP_set=
ac_cv_env_CXXCPP_value=
ac_cv_env_LT_SYS_LIBRARY_PATH_set=
ac_cv_env_LT_SYS_LIBRARY_PATH_value=
ac_cv_env_build_alias_set=
ac_cv_env_build_alias_value=
ac_cv_env_host_alias_set=set
ac_cv_env_host_alias_value=x86_64-apple-darwin20.2.0
ac_cv_env_target_alias_set=
ac_cv_env_target_alias_value=
ac_cv_host=x86_64-apple-darwin20.2.0
ac_cv_target=x86_64-apple-darwin20.2.0

## ----------------- ##
## Output variables. ##
## ----------------- ##

ACLOCAL=''
ALLOCA=''
AMDEPBACKSLASH=''
AMDEP_FALSE=''
AMDEP_TRUE=''
AMTAR=''
AM_BACKSLASH=''
AM_DEFAULT_V=''
AM_DEFAULT_VERBOSITY=''
AM_LTLDFLAGS=''
AM_RUNTESTFLAGS=''
AM_V=''
AR=''
AUTOCONF=''
AUTOHEADER=''
AUTOMAKE=''
AWK=''
BUILD_DOCS_FALSE=''
BUILD_DOCS_TRUE=''
CC='/usr/bin/clang'
CCAS=''
CCASDEPMODE=''
CCASFLAGS=''
CCDEPMODE=''
CFLAGS='-pipe -Os -integrated-as -arch x86_64 -isysroot/Library/Developer/CommandLineTools/SDKs/MacOSX11.1.sdk'
CPP=''
CPPFLAGS='-I/opt/local/include -isysroot/Library/Developer/CommandLineTools/SDKs/MacOSX11.1.sdk'
CXX='/usr/bin/clang++'
CXXCPP=''
CXXDEPMODE=''
CXXFLAGS='-pipe -Os -arch x86_64 -stdlib=libc++ -isysroot/Library/Developer/CommandLineTools/SDKs/MacOSX11.1.sdk'
CYGPATH_W=''
DEFS=''
DEPDIR=''
DLLTOOL=''
DSYMUTIL=''
DUMPBIN=''
ECHO_C='\c'
ECHO_N=''
ECHO_T=''
EGREP=''
EXEEXT=''
FFI_DEBUG_FALSE=''
FFI_DEBUG_TRUE=''
FFI_EXEC_TRAMPOLINE_TABLE=''
FFI_EXEC_TRAMPOLINE_TABLE_FALSE=''
FFI_EXEC_TRAMPOLINE_TABLE_TRUE=''
FGREP=''
GREP=''
HAVE_LONG_DOUBLE=''
HAVE_LONG_DOUBLE_VARIANT=''
INSTALL_DATA=''
INSTALL_PROGRAM=''
INSTALL_SCRIPT=''
INSTALL_STRIP_PROGRAM=''
LD=''
LDFLAGS='-L/opt/local/lib -Wl,-headerpad_max_install_names -arch x86_64 -Wl,-syslibroot,/Library/Developer/CommandLineTools/SDKs/MacOSX11.1.sdk'
LIBFFI_BUILD_VERSIONED_SHLIB_FALSE=''
LIBFFI_BUILD_VERSIONED_SHLIB_GNU_FALSE=''
LIBFFI_BUILD_VERSIONED_SHLIB_GNU_TRUE=''
LIBFFI_BUILD_VERSIONED_SHLIB_SUN_FALSE=''
LIBFFI_BUILD_VERSIONED_SHLIB_SUN_TRUE=''
LIBFFI_BUILD_VERSIONED_SHLIB_TRUE=''
LIBOBJS=''
LIBS=''
LIBTOOL=''
LIPO=''
LN_S=''
LTLIBOBJS=''
LT_SYS_LIBRARY_PATH=''
MAINT=''
MAINTAINER_MODE_FALSE=''
MAINTAINER_MODE_TRUE=''
MAKEINFO=''
MANIFEST_TOOL=''
MKDIR_P=''
NM=''
NMEDIT=''
OBJDUMP=''
OBJEXT=''
OPT_LDFLAGS=''
OTOOL64=''
OTOOL=''
PACKAGE=''
PACKAGE_BUGREPORT='http://github.com/libffi/libffi/issues'
PACKAGE_NAME='libffi'
PACKAGE_STRING='libffi 3.3'
PACKAGE_TARNAME='libffi'
PACKAGE_URL=''
PACKAGE_VERSION='3.3'
PATH_SEPARATOR=':'
PRTDIAG=''
RANLIB=''
SECTION_LDFLAGS=''
SED=''
SET_MAKE=''
SHELL='/bin/sh'
STRIP=''
TARGET='x86_64-apple-darwin20.2.0'
TARGETDIR=''
TARGET_OBJ=''
TESTSUBDIR_FALSE=''
TESTSUBDIR_TRUE=''
VERSION=''
ac_ct_AR=''
ac_ct_CC=''
ac_ct_CXX=''
ac_ct_DUMPBIN=''
am__EXEEXT_FALSE=''
am__EXEEXT_TRUE=''
am__fastdepCCAS_FALSE=''
am__fastdepCCAS_TRUE=''
am__fastdepCC_FALSE=''
am__fastdepCC_TRUE=''
am__fastdepCXX_FALSE=''
am__fastdepCXX_TRUE=''
am__include=''
am__isrc=''
am__leading_dot=''
am__nodep=''
am__quote=''
am__tar=''
am__untar=''
ax_enable_builddir_sed=''
bindir='${exec_prefix}/bin'
build='aarch64-apple-darwin20.2.0'
build_alias=''
build_cpu='aarch64'
build_os='darwin20.2.0'
build_vendor='apple'
datadir='${datarootdir}'
datarootdir='${prefix}/share'
docdir='${datarootdir}/doc/${PACKAGE_TARNAME}'
dvidir='${docdir}'
exec_prefix='NONE'
host='x86_64-apple-darwin20.2.0'
host_alias='x86_64-apple-darwin20.2.0'
host_cpu='x86_64'
host_os='darwin20.2.0'
host_vendor='apple'
htmldir='${docdir}'
includedir='${prefix}/include'
infodir='${datarootdir}/info'
install_sh=''
libdir='${exec_prefix}/lib'
libexecdir='${exec_prefix}/libexec'
localedir='${datarootdir}/locale'
localstatedir='${prefix}/var'
mandir='${datarootdir}/man'
mkdir_p=''
oldincludedir='/usr/include'
pdfdir='${docdir}'
prefix='/opt/local'
program_transform_name='s,x,x,'
psdir='${docdir}'
sbindir='${exec_prefix}/sbin'
sharedstatedir='${prefix}/com'
sys_symbol_underscore=''
sysconfdir='${prefix}/etc'
target='x86_64-apple-darwin20.2.0'
target_alias='x86_64-apple-darwin20.2.0'
target_cpu='x86_64'
target_os='darwin20.2.0'
target_vendor='apple'
toolexecdir=''
toolexeclibdir=''

configure: exit 0
