This is TeX, C Version 3.141 (format=lplain 92.7.16)  30 OCT 1992 17:58
**gnuplot
(gnuplot.tex
LaTeX Version 2.09 <25 March 1992>
(titlepage.tex (/silo/tex/inputs/latex.new/sty/article.sty
Standard Document Style `article' <14 Jan 92>.
(/silo/tex/inputs/latex.new/sty/art10.sty)
\c@part=\count79
\c@section=\count80
\c@subsection=\count81
\c@subsubsection=\count82
\c@paragraph=\count83
\c@subparagraph=\count84
\c@figure=\count85
\c@table=\count86
) (toc_entry.sty
`toc_entry.sty' 1.0 of 13 Dec 90
\twonum=\skip41
\threenum=\skip42
\fournum=\skip43
\fivenum=\skip44
\sixnum=\skip45
) (gnuplot.aux) [1

] (gnuplot.toc [2] [3])
\tf@toc=\write3
 [4]) [1] [2]
Overfull \hbox (4.10852pt too wide) in paragraph at lines 145--151
\tenrm mode of op-er-a-tion as 'Name.Mode'. For ex-am-ple, if the Su-per VGA dr
iver is C:$\tensy n$\tenrm TC$\tensy n$\tenrm BGI$\tensy n$\tenrm SVGADRV.BGI

\hbox(7.5+2.5)x451.6875, glue set - 1.0
.\tenrm m
.\tenrm o
.\kern0.27779
.\tenrm d
.\tenrm e
.etc.

[3] [4] [5] [6] [7] [8] [9] [10] [11] [12] [13] [14] [15] [16] [17] [18]
[19] [20] [21] [22] [23] [24] [25] [26] [27] [28]
Overfull \hbox (12.37064pt too wide) in paragraph at lines 1901--1907
[]\tenrm Selecting de-fault sets all op-tions to their de-faults. $\tenmi <$\te
nrm color$\tenmi >$ \tenrm is ei-ther \tenbf color \tenrm or \tenbf monochrome\
tenrm . ''$\tenmi <$\tenrm fontname$\tenmi >$\tenrm ''

\hbox(6.94444+1.94444)x451.6875, glue set - 1.0
.\hbox(0.0+0.0)x0.0
.\tenrm S
.\tenrm e
.\tenrm l
.\tenrm e
.etc.

[29] [30] [31] [32] [33] [34] [35] [36] [37] [38] (gnuplot.aux) ) 
Here is how much of TeX's memory you used:
 184 strings out of 11973
 1781 string characters out of 87090
 37583 words of memory out of 262141
 2128 multiletter control sequences out of 9500
 19304 words of font info for 73 fonts, out of 100000 for 255
 14 hyphenation exceptions out of 607
 15i,10n,16p,166b,248s stack positions out of 300i,40n,60p,3000b,4000s

Output written on gnuplot.dvi (42 pages, 139616 bytes).
